-------------------------------------------------------------------------------
Test set: weka.classifiers.functions.PaceRegressionTest
-------------------------------------------------------------------------------
Tests run: 23, Failures: 1, Errors: 0, Skipped: 0, Time elapsed: 0.539 sec <<< FAILURE!
testRegression(weka.classifiers.functions.PaceRegressionTest)  Time elapsed: 0.019 sec  <<< FAILURE!
junit.framework.AssertionFailedError: Regression test failed. Difference:
+++ Reference: src/test/resources/wekarefs/weka/classifiers/functions/PaceRegressionTest.ref +++
30 predictions
NUM: 1.0709819793701172 1.1575659218074683 1.0
NUM: 0.09164053201675415 0.01603182174562307 1.0
NUM: 1.0934590250253677 1.0778022884167202 1.0
NUM: 1.2005050480365753 1.1278084117513982 1.0
NUM: 1.0241127163171768 0.978608684117927 1.0
NUM: 1.2281647473573685 1.145486191052763 1.0
NUM: 1.0743392556905746 1.042791167488367 1.0
NUM: 1.070549562573433 1.186418915842953 1.0
NUM: 1.2246422618627548 1.3042858490773146 1.0
NUM: 0.0042693763971328735 0.022694223931924693 1.0
NUM: 0.14586541056632996 0.14992926642527737 1.0
NUM: 1.120085209608078 1.0439755744846693 1.0
NUM: 1.2237855643033981 1.2069931322551888 1.0
NUM: 1.1765492260456085 1.110998503298347 1.0
NUM: 0.06504839658737183 0.040956588038455366 1.0
NUM: 0.20728346705436707 0.2931395562107392 1.0
NUM: 0.20543637871742249 0.2757373778788156 1.0
NUM: 0.12204933166503906 0.1694436694269356 1.0
NUM: 1.2489935606718063 1.2574649860899656 1.0
NUM: 0.18950745463371277 0.1785782734926116 1.0
NUM: 0.21390756964683533 0.23443991812662882 1.0
NUM: 0.21570603549480438 0.12350875736921946 1.0
NUM: 1.0029357373714447 1.0186675562743297 1.0
NUM: 1.1987186670303345 1.2900447672005253 1.0
NUM: 1.1058757454156876 1.1527173748136883 1.0
NUM: 1.010067343711853 1.048121046125441 1.0
NUM: 1.1864465773105621 1.3059676065072898 1.0
NUM: 0.1800311654806137 0.058505974511970385 1.0
NUM: 1.111428126692772 1.0580873743492816 1.0
NUM: 0.11447009444236755 0.26710359999257005 1.0
30 predictions
NUM: 1.95648126E12 1.9564812600000554E12 1.0
NUM: 2.27210046E12 2.2721004600000903E12 1.0
NUM: 1.60941246E12 1.609412459999926E12 1.0
NUM: 3.88155966E12 3.8815596599999717E12 1.0
NUM: 2.05117566E12 2.0511756600000042E12 1.0
NUM: 9.4663806E11 9.46638060000085E11 1.0
NUM: 3.59747646E12 3.597476459999947E12 1.0
NUM: 2.99794686E12 2.9979468600000776E12 1.0
NUM: 3.81840126E12 3.818401260000098E12 1.0
NUM: 1.19909886E12 1.1990988600000142E12 1.0
NUM: 3.97616766E12 3.97616765999995E12 1.0
NUM: 3.75532926E12 3.755329259999973E12 1.0
NUM: 2.08271166E12 2.0827116600000967E12 1.0
NUM: 3.88155966E12 3.8815596599998794E12 1.0
NUM: 2.30363646E12 2.3036364599999624E12 1.0
NUM: 3.09255486E12 3.0925548600001084E12 1.0
NUM: 3.37663806E12 3.3766380599998823E12 1.0
NUM: 3.47124606E12 3.471246059999858E12 1.0
NUM: 3.91309566E12 3.913095659999978E12 1.0
NUM: 3.56594046E12 3.5659404599999966E12 1.0
NUM: 1.29379326E12 1.293793259999924E12 1.0
NUM: 1.45155966E12 1.4515596600000684E12 1.0
NUM: 1.10449086E12 1.1044908600000552E12 1.0
NUM: 3.02948286E12 3.0294828600000435E12 1.0
NUM: 3.66063486E12 3.6606348599999844E12 1.0
NUM: 3.72370686E12 3.723706860000097E12 1.0
NUM: 1.89340926E12 1.8934092600000198E12 1.0
NUM: 1.73564286E12 1.7356428600000842E12 1.0
NUM: 2.80855806E12 2.8085580599999707E12 1.0
NUM: 1.23072126E12 1.230721260000033E12 1.0
+++ Current +++
30 predictions
NUM: 1.0709819793701172 1.1575659218074683 1.0
NUM: 0.09164053201675415 0.01603182174562307 1.0
NUM: 1.0934590250253677 1.0778022884167202 1.0
NUM: 1.2005050480365753 1.1278084117513982 1.0
NUM: 1.0241127163171768 0.978608684117927 1.0
NUM: 1.2281647473573685 1.145486191052763 1.0
NUM: 1.0743392556905746 1.042791167488367 1.0
NUM: 1.070549562573433 1.186418915842953 1.0
NUM: 1.2246422618627548 1.3042858490773146 1.0
NUM: 0.0042693763971328735 0.022694223931924693 1.0
NUM: 0.14586541056632996 0.14992926642527737 1.0
NUM: 1.120085209608078 1.0439755744846693 1.0
NUM: 1.2237855643033981 1.2069931322551888 1.0
NUM: 1.1765492260456085 1.110998503298347 1.0
NUM: 0.06504839658737183 0.040956588038455366 1.0
NUM: 0.20728346705436707 0.2931395562107392 1.0
NUM: 0.20543637871742249 0.2757373778788156 1.0
NUM: 0.12204933166503906 0.1694436694269356 1.0
NUM: 1.2489935606718063 1.2574649860899656 1.0
NUM: 0.18950745463371277 0.1785782734926116 1.0
NUM: 0.21390756964683533 0.23443991812662882 1.0
NUM: 0.21570603549480438 0.12350875736921946 1.0
NUM: 1.0029357373714447 1.0186675562743297 1.0
NUM: 1.1987186670303345 1.2900447672005253 1.0
NUM: 1.1058757454156876 1.1527173748136883 1.0
NUM: 1.010067343711853 1.048121046125441 1.0
NUM: 1.1864465773105621 1.3059676065072898 1.0
NUM: 0.1800311654806137 0.058505974511970385 1.0
NUM: 1.111428126692772 1.0580873743492816 1.0
NUM: 0.11447009444236755 0.26710359999257005 1.0
30 predictions
NUM: 1.95650286E12 1.956502860000056E12 1.0
NUM: 2.27212206E12 2.272122060000091E12 1.0
NUM: 1.60943406E12 1.609434059999927E12 1.0
NUM: 3.88158126E12 3.881581259999973E12 1.0
NUM: 2.05119726E12 2.0511972600000051E12 1.0
NUM: 9.4665966E11 9.466596600000848E11 1.0
NUM: 3.59749806E12 3.597498059999948E12 1.0
NUM: 2.99796846E12 2.997968460000078E12 1.0
NUM: 3.81842286E12 3.818422860000099E12 1.0
NUM: 1.19912046E12 1.1991204600000142E12 1.0
NUM: 3.97618926E12 3.976189259999951E12 1.0
NUM: 3.75535086E12 3.7553508599999746E12 1.0
NUM: 2.08273326E12 2.0827332600000972E12 1.0
NUM: 3.88158126E12 3.881581259999881E12 1.0
NUM: 2.30365806E12 2.303658059999963E12 1.0
NUM: 3.09257646E12 3.0925764600001094E12 1.0
NUM: 3.37665966E12 3.3766596599998833E12 1.0
NUM: 3.47126766E12 3.4712676599998594E12 1.0
NUM: 3.91311726E12 3.9131172599999795E12 1.0
NUM: 3.56596206E12 3.5659620599999976E12 1.0
NUM: 1.29381486E12 1.293814859999924E12 1.0
NUM: 1.45158126E12 1.4515812600000686E12 1.0
NUM: 1.10451246E12 1.1045124600000552E12 1.0
NUM: 3.02950446E12 3.0295044600000444E12 1.0
NUM: 3.66065646E12 3.6606564599999854E12 1.0
NUM: 3.72372846E12 3.7237284600000986E12 1.0
NUM: 1.89343086E12 1.89343086000002E12 1.0
NUM: 1.73566446E12 1.7356644600000845E12 1.0
NUM: 2.80857966E12 2.8085796599999717E12 1.0
NUM: 1.23074286E12 1.2307428600000332E12 1.0
+++
	at junit.framework.Assert.fail(Assert.java:47)
	at weka.classifiers.AbstractClassifierTest.testRegression(AbstractClassifierTest.java:975)
	at sun.reflect.GeneratedMethodAccessor60.invoke(Unknown Source)
	at sun.reflect.DelegatingMethodAccessorImpl.invoke(DelegatingMethodAccessorImpl.java:43)
	at java.lang.reflect.Method.invoke(Method.java:497)
	at junit.framework.TestCase.runTest(TestCase.java:164)
	at junit.framework.TestCase.runBare(TestCase.java:130)
	at junit.framework.TestResult$1.protect(TestResult.java:106)
	at junit.framework.TestResult.runProtected(TestResult.java:124)
	at junit.framework.TestResult.run(TestResult.java:109)
	at junit.framework.TestCase.run(TestCase.java:120)
	at junit.framework.TestSuite.runTest(TestSuite.java:230)
	at junit.framework.TestSuite.run(TestSuite.java:225)
	at sun.reflect.GeneratedMethodAccessor4.invoke(Unknown Source)
	at sun.reflect.DelegatingMethodAccessorImpl.invoke(DelegatingMethodAccessorImpl.java:43)
	at java.lang.reflect.Method.invoke(Method.java:497)
	at org.apache.maven.surefire.junit.JUnitTestSet.execute(JUnitTestSet.java:98)
	at org.apache.maven.surefire.junit.JUnit3Provider.executeTestSet(JUnit3Provider.java:107)
	at org.apache.maven.surefire.junit.JUnit3Provider.invoke(JUnit3Provider.java:84)
	at sun.reflect.NativeMethodAccessorImpl.invoke0(Native Method)
	at sun.reflect.NativeMethodAccessorImpl.invoke(NativeMethodAccessorImpl.java:62)
	at sun.reflect.DelegatingMethodAccessorImpl.invoke(DelegatingMethodAccessorImpl.java:43)
	at java.lang.reflect.Method.invoke(Method.java:497)
	at org.apache.maven.surefire.booter.ProviderFactory$ClassLoaderProxy.invoke(ProviderFactory.java:103)
	at com.sun.proxy.$Proxy0.invoke(Unknown Source)
	at org.apache.maven.surefire.booter.SurefireStarter.invokeProvider(SurefireStarter.java:150)
	at org.apache.maven.surefire.booter.SurefireStarter.runSuitesInProcess(SurefireStarter.java:91)
	at org.apache.maven.surefire.booter.ForkedBooter.main(ForkedBooter.java:69)

