-------------------------------------------------------------------------------
Test set: weka.classifiers.trees.DecisionStumpTest
-------------------------------------------------------------------------------
Tests run: 23, Failures: 1, Errors: 0, Skipped: 0, Time elapsed: 0.391 sec <<< FAILURE!
testRegression(weka.classifiers.trees.DecisionStumpTest)  Time elapsed: 0.016 sec  <<< FAILURE!
junit.framework.AssertionFailedError: Regression test failed. Difference:
+++ Reference: src/test/resources/wekarefs/weka/classifiers/trees/DecisionStumpTest.ref +++
10 predictions
NUM: 0.14897094666957855 0.12408751621842384 1.0
NUM: 1.0900637060403824 1.140672894815604 1.0
NUM: 1.1181720942258835 1.140672894815604 1.0
NUM: 1.0377578884363174 1.140672894815604 1.0
NUM: 0.07014298439025879 0.12408751621842384 1.0
NUM: 0.1216476559638977 0.12408751621842384 1.0
NUM: 0.15775927901268005 0.12408751621842384 1.0
NUM: 1.2179536372423172 1.140672894815604 1.0
NUM: 0.09358982741832733 0.12408751621842384 1.0
NUM: 1.0427293479442596 1.140672894815604 1.0
10 predictions
NOM: 0.0 0.0 1.0 1.0 0.0
NOM: 1.0 1.0 1.0 0.0 1.0
NOM: 1.0 1.0 1.0 0.0 1.0
NOM: 0.0 0.0 1.0 1.0 0.0
NOM: 1.0 1.0 1.0 0.0 1.0
NOM: 0.0 0.0 1.0 1.0 0.0
NOM: 1.0 1.0 1.0 0.0 1.0
NOM: 0.0 0.0 1.0 1.0 0.0
NOM: 0.0 0.0 1.0 1.0 0.0
NOM: 1.0 1.0 1.0 0.0 1.0
10 predictions
NUM: 2.80855806E12 1.76192286E12 1.0
NUM: 2.58763326E12 1.76192286E12 1.0
NUM: 1.54625406E12 1.76192286E12 1.0
NUM: 2.61925566E12 1.76192286E12 1.0
NUM: 2.84009406E12 1.76192286E12 1.0
NUM: 1.04133246E12 1.76192286E12 1.0
NUM: 3.43971006E12 3.71584446E12 1.0
NUM: 2.80855806E12 1.76192286E12 1.0
NUM: 1.83025086E12 1.76192286E12 1.0
NUM: 1.29379326E12 1.76192286E12 1.0
+++ Current +++
10 predictions
NUM: 0.14897094666957855 0.12408751621842384 1.0
NUM: 1.0900637060403824 1.140672894815604 1.0
NUM: 1.1181720942258835 1.140672894815604 1.0
NUM: 1.0377578884363174 1.140672894815604 1.0
NUM: 0.07014298439025879 0.12408751621842384 1.0
NUM: 0.1216476559638977 0.12408751621842384 1.0
NUM: 0.15775927901268005 0.12408751621842384 1.0
NUM: 1.2179536372423172 1.140672894815604 1.0
NUM: 0.09358982741832733 0.12408751621842384 1.0
NUM: 1.0427293479442596 1.140672894815604 1.0
10 predictions
NOM: 0.0 0.0 1.0 1.0 0.0
NOM: 1.0 1.0 1.0 0.0 1.0
NOM: 1.0 1.0 1.0 0.0 1.0
NOM: 0.0 0.0 1.0 1.0 0.0
NOM: 1.0 1.0 1.0 0.0 1.0
NOM: 0.0 0.0 1.0 1.0 0.0
NOM: 1.0 1.0 1.0 0.0 1.0
NOM: 0.0 0.0 1.0 1.0 0.0
NOM: 0.0 0.0 1.0 1.0 0.0
NOM: 1.0 1.0 1.0 0.0 1.0
10 predictions
NUM: 2.80857966E12 1.76194446E12 1.0
NUM: 2.58765486E12 1.76194446E12 1.0
NUM: 1.54627566E12 1.76194446E12 1.0
NUM: 2.61927726E12 1.76194446E12 1.0
NUM: 2.84011566E12 1.76194446E12 1.0
NUM: 1.04135406E12 1.76194446E12 1.0
NUM: 3.43973166E12 3.71586606E12 1.0
NUM: 2.80857966E12 1.76194446E12 1.0
NUM: 1.83027246E12 1.76194446E12 1.0
NUM: 1.29381486E12 1.76194446E12 1.0
+++
	at junit.framework.Assert.fail(Assert.java:47)
	at weka.classifiers.AbstractClassifierTest.testRegression(AbstractClassifierTest.java:975)
	at sun.reflect.NativeMethodAccessorImpl.invoke0(Native Method)
	at sun.reflect.NativeMethodAccessorImpl.invoke(NativeMethodAccessorImpl.java:62)
	at sun.reflect.DelegatingMethodAccessorImpl.invoke(DelegatingMethodAccessorImpl.java:43)
	at java.lang.reflect.Method.invoke(Method.java:497)
	at junit.framework.TestCase.runTest(TestCase.java:164)
	at junit.framework.TestCase.runBare(TestCase.java:130)
	at junit.framework.TestResult$1.protect(TestResult.java:106)
	at junit.framework.TestResult.runProtected(TestResult.java:124)
	at junit.framework.TestResult.run(TestResult.java:109)
	at junit.framework.TestCase.run(TestCase.java:120)
	at junit.framework.TestSuite.runTest(TestSuite.java:230)
	at junit.framework.TestSuite.run(TestSuite.java:225)
	at sun.reflect.GeneratedMethodAccessor4.invoke(Unknown Source)
	at sun.reflect.DelegatingMethodAccessorImpl.invoke(DelegatingMethodAccessorImpl.java:43)
	at java.lang.reflect.Method.invoke(Method.java:497)
	at org.apache.maven.surefire.junit.JUnitTestSet.execute(JUnitTestSet.java:98)
	at org.apache.maven.surefire.junit.JUnit3Provider.executeTestSet(JUnit3Provider.java:107)
	at org.apache.maven.surefire.junit.JUnit3Provider.invoke(JUnit3Provider.java:84)
	at sun.reflect.NativeMethodAccessorImpl.invoke0(Native Method)
	at sun.reflect.NativeMethodAccessorImpl.invoke(NativeMethodAccessorImpl.java:62)
	at sun.reflect.DelegatingMethodAccessorImpl.invoke(DelegatingMethodAccessorImpl.java:43)
	at java.lang.reflect.Method.invoke(Method.java:497)
	at org.apache.maven.surefire.booter.ProviderFactory$ClassLoaderProxy.invoke(ProviderFactory.java:103)
	at com.sun.proxy.$Proxy0.invoke(Unknown Source)
	at org.apache.maven.surefire.booter.SurefireStarter.invokeProvider(SurefireStarter.java:150)
	at org.apache.maven.surefire.booter.SurefireStarter.runSuitesInProcess(SurefireStarter.java:91)
	at org.apache.maven.surefire.booter.ForkedBooter.main(ForkedBooter.java:69)

